(0000) 3100  0011000100000000 (   1)                 .ORIG x3100
(3100) 284E  0010100001001110 (   6)                 LD    R4 DADD
(3101) 2C4B  0010110001001011 (   7) BEGIN           LD    R6 SADDRESS
(3102) 5B60  0101101101100000 (   8)                 AND   R5 R5 #0
(3103) 1B46  0001101101000110 (   9)                 ADD   R5 R5 R6
(3104) 6580  0110010110000000 (  10)                 LDR   R2 R6 #0
(3105) 12A1  0001001010100001 (  11)                 ADD   R1 R2 #1
(3106) 0A02  0000101000000010 (  12) JUDGE           BRNP  CMP
(3107) 1DA1  0001110110100001 (  13)                 ADD   R6 R6 #1
(3108) 0FFD  0000111111111101 (  14)                 BRNZP JUDGE
(3109) 6740  0110011101000000 (  15) CMP             LDR   R3 R5 #0
(310A) 5260  0101001001100000 (  16)                 AND   R1 R1 #0
(310B) 1242  0001001001000010 (  17)                 ADD   R1 R1 R2
(310C) 927F  1001001001111111 (  18)                 NOT   R1 R1
(310D) 1261  0001001001100001 (  19)                 ADD   R1 R1 #1
(310E) 1243  0001001001000011 (  20)                 ADD   R1 R1 R3
(310F) 0212  0000001000010010 (  21)                 BRP   CHANGE
(3110) 1B61  0001101101100001 (  22) CONTI           ADD   R5 R5 #1
(3111) 2E3C  0010111000111100 (  23)                 LD    R7 EADDR
(3112) 9FFF  1001111111111111 (  24)                 NOT   R7 R7
(3113) 1FE1  0001111111100001 (  25)                 ADD   R7 R7 #1
(3114) 1347  0001001101000111 (  26)                 ADD   R1 R5 R7
(3115) 0DF3  0000110111110011 (  27)                 BRNZ  CMP
(3116) 0200  0000001000000000 (  28)                 BRP   STORE
(3117) 7500  0111010100000000 (  32) STORE           STR   R2 R4 #0
(3118) 5260  0101001001100000 (  33)                 AND   R1 R1 #0
(3119) 127F  0001001001111111 (  34)                 ADD   R1 R1 #-1
(311A) 7200  0111001000000000 (  35)                 STR   R1 R0 #0
(311B) 1921  0001100100100001 (  36)                 ADD   R4 R4 #1
(311C) 2E33  0010111000110011 (  37)                 LD    R7 Eaddr
(311D) 9FFF  1001111111111111 (  38)                 NOT   R7 R7
(311E) 1FE1  0001111111100001 (  39)                 ADD   R7 R7 #1
(311F) 1307  0001001100000111 (  40)                 ADD   R1 R4 R7
(3120) 0DE0  0000110111100000 (  41)                 BRNZ  BEGIN
(3121) 0205  0000001000000101 (  42)                 BRP   DONE
(3122) 54A0  0101010010100000 (  44) CHANGE          AND   R2 R2 #0
(3123) 1483  0001010010000011 (  45)                 ADD   R2 R2 R3
(3124) 5020  0101000000100000 (  46)                 AND   R0 R0 #0
(3125) 1005  0001000000000101 (  47)                 ADD   R0 R0 R5
(3126) 0FE9  0000111111101001 (  48)                 BRNZP CONTI
(3127) 5260  0101001001100000 (  50) DONE            AND   R1 R1 #0
(3128) 5020  0101000000100000 (  51)                 AND   R0 R0 #0
(3129) 2225  0010001000100101 (  52)                 LD    R1 DADD
(312A) 2627  0010011000100111 (  53)                 LD    R3 a
(312B) 96FF  1001011011111111 (  54)                 NOT   R3 R3
(312C) 16E1  0001011011100001 (  55)                 ADD   R3 R3 #1
(312D) 54A0  0101010010100000 (  56)                 AND   R2 R2 #0
(312E) 14A4  0001010010100100 (  57)                 ADD   R2 R2 #4
(312F) 6840  0110100001000000 (  58) CON             LDR   R4 R1 #0
(3130) 1B03  0001101100000011 (  59)                 ADD   R5 R4 R3
(3131) 0801  0000100000000001 (  60)                 BRN   SKIP
(3132) 1021  0001000000100001 (  61)                 ADD   R0 R0 #1
(3133) 1261  0001001001100001 (  62) SKIP            ADD   R1 R1 #1
(3134) 14BF  0001010010111111 (  63)                 ADD   R2 R2 #-1
(3135) 03F9  0000001111111001 (  64)                 BRP   CON
(3136) 2C1A  0010110000011010 (  65)                 LD    R6 A
(3137) 7180  0111000110000000 (  66)                 STR   R0 R6 #0
(3138) 5260  0101001001100000 (  68)                 AND   R1 R1 #0
(3139) 5FE0  0101111111100000 (  69)                 AND   R7 R7 #0
(313A) 2214  0010001000010100 (  70)                 LD    R1 DADD
(313B) 2618  0010011000011000 (  71)                 LD    R3 b
(313C) 96FF  1001011011111111 (  72)                 NOT   R3 R3
(313D) 16E1  0001011011100001 (  73)                 ADD   R3 R3 #1
(313E) 54A0  0101010010100000 (  74)                 AND   R2 R2 #0
(313F) 14A8  0001010010101000 (  75)                 ADD   R2 R2 #8
(3140) 6840  0110100001000000 (  76) Con             LDR   R4 R1 #0
(3141) 1B03  0001101100000011 (  77)                 ADD   R5 R4 R3
(3142) 0801  0000100000000001 (  78)                 BRN   Skip
(3143) 1FE1  0001111111100001 (  79)                 ADD   R7 R7 #1
(3144) 1261  0001001001100001 (  80) Skip            ADD   R1 R1 #1
(3145) 14BF  0001010010111111 (  81)                 ADD   R2 R2 #-1
(3146) 03F9  0000001111111001 (  82)                 BRP   Con
(3147) 903F  1001000000111111 (  83)                 NOT   R0 R0
(3148) 1021  0001000000100001 (  84)                 ADD   R0 R0 #1
(3149) 1E07  0001111000000111 (  85)                 ADD   R7 R0 R7
(314A) 2C08  0010110000001000 (  86)                 LD    R6 B
(314B) 7F80  0111111110000000 (  87)                 STR   R7 R6 #0
(314C) F025  1111000000100101 (  89)                 TRAP  x25
(314D) 3200  0011001000000000 (  90) SADDRESS        .FILL x3200
(314E) 320F  0011001000001111 (  91) EADDR           .FILL x320F
(314F) 4000  0100000000000000 (  92) DADD            .FILL x4000
(3150) 400F  0100000000001111 (  93) Eaddr           .FILL x400F
(3151) 4100  0100000100000000 (  94) A               .FILL x4100
(3152) 0055  0000000001010101 (  95) a               .FILL x0055
(3153) 4101  0100000100000001 (  96) B               .FILL x4101
(3154) 004B  0000000001001011 (  97) b               .FILL x004B
