(0000) 3000  0011000000000000 (   1)                 .ORIG x3000
(3000) 2C0D  0010110000001101 (   2)                 LD    R6 ASCII
(3001) 2A0D  0010101000001101 (   3)                 LD    R5 NEGASCII
(3002) F023  1111000000100011 (   4)                 TRAP  x23
(3003) 1220  0001001000100000 (   5)                 ADD   R1 R0 #0
(3004) 1245  0001001001000101 (   6)                 ADD   R1 R1 R5
(3005) F023  1111000000100011 (   7)                 TRAP  x23
(3006) 1005  0001000000000101 (   8)                 ADD   R0 R0 R5
(3007) 1401  0001010000000001 (   9)                 ADD   R2 R0 R1
(3008) 1486  0001010010000110 (  10)                 ADD   R2 R2 R6
(3009) E006  1110000000000110 (  11)                 LEA   R0 MESG
(300A) F022  1111000000100010 (  12)                 TRAP  x22
(300B) 10A0  0001000010100000 (  13)                 ADD   R0 R2 #0
(300C) F021  1111000000100001 (  14)                 TRAP  x21
(300D) F025  1111000000100101 (  15)                 TRAP  x25
(300E) 0030  0000000000110000 (  16) ASCII           .FILL x0030
(300F) FFD0  1111111111010000 (  17) NEGASCII        .FILL xFFD0
(3010) 0054  0000000001010100 (  18) MESG            .FILL x0054
(3011) 0068  0000000001101000 (  18)                 .FILL x0068
(3012) 0065  0000000001100101 (  18)                 .FILL x0065
(3013) 0020  0000000000100000 (  18)                 .FILL x0020
(3014) 0073  0000000001110011 (  18)                 .FILL x0073
(3015) 0075  0000000001110101 (  18)                 .FILL x0075
(3016) 006D  0000000001101101 (  18)                 .FILL x006D
(3017) 0020  0000000000100000 (  18)                 .FILL x0020
(3018) 006F  0000000001101111 (  18)                 .FILL x006F
(3019) 0066  0000000001100110 (  18)                 .FILL x0066
(301A) 0020  0000000000100000 (  18)                 .FILL x0020
(301B) 0074  0000000001110100 (  18)                 .FILL x0074
(301C) 0068  0000000001101000 (  18)                 .FILL x0068
(301D) 006F  0000000001101111 (  18)                 .FILL x006F
(301E) 0073  0000000001110011 (  18)                 .FILL x0073
(301F) 0065  0000000001100101 (  18)                 .FILL x0065
(3020) 0020  0000000000100000 (  18)                 .FILL x0020
(3021) 0074  0000000001110100 (  18)                 .FILL x0074
(3022) 0077  0000000001110111 (  18)                 .FILL x0077
(3023) 006F  0000000001101111 (  18)                 .FILL x006F
(3024) 0020  0000000000100000 (  18)                 .FILL x0020
(3025) 006E  0000000001101110 (  18)                 .FILL x006E
(3026) 0075  0000000001110101 (  18)                 .FILL x0075
(3027) 006D  0000000001101101 (  18)                 .FILL x006D
(3028) 0062  0000000001100010 (  18)                 .FILL x0062
(3029) 0065  0000000001100101 (  18)                 .FILL x0065
(302A) 0072  0000000001110010 (  18)                 .FILL x0072
(302B) 0073  0000000001110011 (  18)                 .FILL x0073
(302C) 0020  0000000000100000 (  18)                 .FILL x0020
(302D) 0069  0000000001101001 (  18)                 .FILL x0069
(302E) 0073  0000000001110011 (  18)                 .FILL x0073
(302F) 0020  0000000000100000 (  18)                 .FILL x0020
(3030) 0000  0000000000000000 (  18)                 .FILL x0000
