(0000) 2000  0010000000000000 (   1)                 .ORIG x2000
(2000) A013  1010000000010011 (   2) POLL            LDI   R0 KBSR
(2001) 07FE  0000011111111110 (   3)                 BRZP  POLL
(2002) A012  1010000000010010 (   4)                 LDI   R0 KBDR
(2003) 300F  0011000000001111 (   5)                 ST    R0 SAVR0
(2004) 5260  0101001001100000 (   6)                 AND   R1 R1 #0
(2005) 126A  0001001001101010 (   7)                 ADD   R1 R1 #10
(2006) 200C  0010000000001100 (   8) POLL2           LD    R0 SAVR0
(2007) B00F  1011000000001111 (   9)                 STI   R0 DDR
(2008) 2009  0010000000001001 (  10)                 LD    R0 SIGN
(2009) B00C  1011000000001100 (  11)                 STI   R0 DSR
(200A) 127F  0001001001111111 (  12)                 ADD   R1 R1 #-1
(200B) 03FA  0000001111111010 (  13)                 BRP   POLL2
(200C) 2004  0010000000000100 (  14)                 LD    R0 ENTER
(200D) B009  1011000000001001 (  15)                 STI   R0 DDR
(200E) 2003  0010000000000011 (  16)                 LD    R0 SIGN
(200F) B006  1011000000000110 (  17)                 STI   R0 DSR
(2010) 8000  1000000000000000 (  18)                 RTI   
(2011) 000A  0000000000001010 (  19) ENTER           .FILL x000A
(2012) FFFF  1111111111111111 (  20) SIGN            .FILL xFFFF
(2013) 0000  0000000000000000 (  22) SAVR0           .FILL x0000
(2014) FE00  1111111000000000 (  22) KBSR            .FILL xFE00
(2015) FE02  1111111000000010 (  23) KBDR            .FILL xFE02
(2016) FE04  1111111000000100 (  24) DSR             .FILL xFE04
(2017) FE06  1111111000000110 (  25) DDR             .FILL xFE06
