(0000) 3000  0011000000000000 (   1)                 .ORIG x3000
(3000) 2C54  0010110001010100 (   2)                 LD    R6 INI
(3001) 2055  0010000001010101 (   3)                 LD    R0 ADDR
(3002) B053  1011000001010011 (   4)                 STI   R0 VADD
(3003) BC54  1011110001010100 (   5)                 STI   R6 KBSR
(3004) E00B  1110000000001011 (   6) LOOP            LEA   R0 SIGN1
(3005) F022  1111000000100010 (   7)                 TRAP  x22
(3006) 204D  0010000001001101 (   8)                 LD    R0 ENTER
(3007) F021  1111000000100001 (   9)                 TRAP  x21
(3008) 4850  0100100001010000 (  10)                 JSR   DELAY
(3009) E028  1110000000101000 (  11)                 LEA   R0 SIGN2
(300A) F022  1111000000100010 (  12)                 TRAP  x22
(300B) 484D  0100100001001101 (  13)                 JSR   DELAY
(300C) 2047  0010000001000111 (  14)                 LD    R0 ENTER
(300D) F021  1111000000100001 (  15)                 TRAP  x21
(300E) 0FF5  0000111111110101 (  16)                 BRNZP LOOP
(300F) F025  1111000000100101 (  17)                 TRAP  x25
(3010) 0049  0000000001001001 (  18) SIGN1           .FILL x0049
(3011) 0043  0000000001000011 (  18)                 .FILL x0043
(3012) 0053  0000000001010011 (  18)                 .FILL x0053
(3013) 0020  0000000000100000 (  18)                 .FILL x0020
(3014) 0020  0000000000100000 (  18)                 .FILL x0020
(3015) 0020  0000000000100000 (  18)                 .FILL x0020
(3016) 0049  0000000001001001 (  18)                 .FILL x0049
(3017) 0043  0000000001000011 (  18)                 .FILL x0043
(3018) 0053  0000000001010011 (  18)                 .FILL x0053
(3019) 0020  0000000000100000 (  18)                 .FILL x0020
(301A) 0020  0000000000100000 (  18)                 .FILL x0020
(301B) 0020  0000000000100000 (  18)                 .FILL x0020
(301C) 0049  0000000001001001 (  18)                 .FILL x0049
(301D) 0043  0000000001000011 (  18)                 .FILL x0043
(301E) 0053  0000000001010011 (  18)                 .FILL x0053
(301F) 0020  0000000000100000 (  18)                 .FILL x0020
(3020) 0020  0000000000100000 (  18)                 .FILL x0020
(3021) 0020  0000000000100000 (  18)                 .FILL x0020
(3022) 0049  0000000001001001 (  18)                 .FILL x0049
(3023) 0043  0000000001000011 (  18)                 .FILL x0043
(3024) 0053  0000000001010011 (  18)                 .FILL x0053
(3025) 0020  0000000000100000 (  18)                 .FILL x0020
(3026) 0020  0000000000100000 (  18)                 .FILL x0020
(3027) 0020  0000000000100000 (  18)                 .FILL x0020
(3028) 0049  0000000001001001 (  18)                 .FILL x0049
(3029) 0043  0000000001000011 (  18)                 .FILL x0043
(302A) 0053  0000000001010011 (  18)                 .FILL x0053
(302B) 0020  0000000000100000 (  18)                 .FILL x0020
(302C) 0020  0000000000100000 (  18)                 .FILL x0020
(302D) 0020  0000000000100000 (  18)                 .FILL x0020
(302E) 0049  0000000001001001 (  18)                 .FILL x0049
(302F) 0043  0000000001000011 (  18)                 .FILL x0043
(3030) 0053  0000000001010011 (  18)                 .FILL x0053
(3031) 0000  0000000000000000 (  18)                 .FILL x0000
(3032) 0020  0000000000100000 (  19) SIGN2           .FILL x0020
(3033) 0020  0000000000100000 (  19)                 .FILL x0020
(3034) 0020  0000000000100000 (  19)                 .FILL x0020
(3035) 0049  0000000001001001 (  19)                 .FILL x0049
(3036) 0043  0000000001000011 (  19)                 .FILL x0043
(3037) 0053  0000000001010011 (  19)                 .FILL x0053
(3038) 0020  0000000000100000 (  19)                 .FILL x0020
(3039) 0020  0000000000100000 (  19)                 .FILL x0020
(303A) 0020  0000000000100000 (  19)                 .FILL x0020
(303B) 0049  0000000001001001 (  19)                 .FILL x0049
(303C) 0043  0000000001000011 (  19)                 .FILL x0043
(303D) 0053  0000000001010011 (  19)                 .FILL x0053
(303E) 0020  0000000000100000 (  19)                 .FILL x0020
(303F) 0020  0000000000100000 (  19)                 .FILL x0020
(3040) 0020  0000000000100000 (  19)                 .FILL x0020
(3041) 0049  0000000001001001 (  19)                 .FILL x0049
(3042) 0043  0000000001000011 (  19)                 .FILL x0043
(3043) 0053  0000000001010011 (  19)                 .FILL x0053
(3044) 0020  0000000000100000 (  19)                 .FILL x0020
(3045) 0020  0000000000100000 (  19)                 .FILL x0020
(3046) 0020  0000000000100000 (  19)                 .FILL x0020
(3047) 0049  0000000001001001 (  19)                 .FILL x0049
(3048) 0043  0000000001000011 (  19)                 .FILL x0043
(3049) 0053  0000000001010011 (  19)                 .FILL x0053
(304A) 0020  0000000000100000 (  19)                 .FILL x0020
(304B) 0020  0000000000100000 (  19)                 .FILL x0020
(304C) 0020  0000000000100000 (  19)                 .FILL x0020
(304D) 0049  0000000001001001 (  19)                 .FILL x0049
(304E) 0043  0000000001000011 (  19)                 .FILL x0043
(304F) 0053  0000000001010011 (  19)                 .FILL x0053
(3050) 0020  0000000000100000 (  19)                 .FILL x0020
(3051) 0020  0000000000100000 (  19)                 .FILL x0020
(3052) 0020  0000000000100000 (  19)                 .FILL x0020
(3053) 0000  0000000000000000 (  19)                 .FILL x0000
(3054) 000A  0000000000001010 (  20) ENTER           .FILL x000A
(3055) 4000  0100000000000000 (  21) INI             .FILL x4000
(3056) 0180  0000000110000000 (  22) VADD            .FILL x0180
(3057) 2000  0010000000000000 (  23) ADDR            .FILL x2000
(3058) FE00  1111111000000000 (  24) KBSR            .FILL xFE00
(3059) 3206  0011001000000110 (  26) DELAY           ST    R1 SaveR1
(305A) 2204  0010001000000100 (  27)                 LD    R1 COUNT
(305B) 127F  0001001001111111 (  28) REP             ADD   R1 R1 #-1
(305C) 03FE  0000001111111110 (  29)                 BRP   REP
(305D) 2202  0010001000000010 (  30)                 LD    R1 SaveR1
(305E) C1C0  1100000111000000 (  31)                 RET   
(305F) 09C4  0000100111000100 (  32) COUNT           .FILL x09C4
(3060) 0000  0000000000000000 (  34) SaveR1          .FILL x0000
