(0000) 3000  0011000000000000 (   1)                 .ORIG x3000
(3000) 5260  0101001001100000 (   2)                 AND   R1 R1 #0
(3001) 1263  0001001001100011 (   3)                 ADD   R1 R1 #3
(3002) 54A0  0101010010100000 (   4)                 AND   R2 R2 #0
(3003) 14A5  0001010010100101 (   5)                 ADD   R2 R2 #5
(3004) 56E0  0101011011100000 (   6)                 AND   R3 R3 #0
(3005) 16E8  0001011011101000 (   7)                 ADD   R3 R3 #8
(3006) 48A2  0100100010100010 (   9)                 JSR   CONTO
(3007) 4914  0100100100010100 (  10)                 JSR   OUTPUT
(3008) 48A6  0100100010100110 (  11) MOVE            JSR   ALERT1
(3009) 489F  0100100010011111 (  12)                 JSR   CONTO
(300A) 1920  0001100100100000 (  13)                 ADD   R4 R4 #0
(300B) 0407  0000010000000111 (  14)                 BRZ   DONE1
(300C) 490F  0100100100001111 (  15)                 JSR   OUTPUT
(300D) 48D7  0100100011010111 (  16)                 JSR   ALERT2
(300E) 489A  0100100010011010 (  17)                 JSR   CONTO
(300F) 1920  0001100100100000 (  18)                 ADD   R4 R4 #0
(3010) 0405  0000010000000101 (  19)                 BRZ   DONE2
(3011) 490A  0100100100001010 (  20)                 JSR   OUTPUT
(3012) 0BF5  0000101111110101 (  21)                 BRNP  MOVE
(3013) E006  1110000000000110 (  23) DONE1           LEA   R0 ESign1
(3014) F022  1111000000100010 (  24)                 TRAP  x22
(3015) 0E03  0000111000000011 (  25)                 BRNZP DONE
(3016) E012  1110000000010010 (  27) DONE2           LEA   R0 ESign2
(3017) F022  1111000000100010 (  28)                 TRAP  x22
(3018) 0E00  0000111000000000 (  29)                 BRNZP DONE
(3019) F025  1111000000100101 (  31) DONE            TRAP  x25
(301A) 0050  0000000001010000 (  33) ESign1          .FILL x0050
(301B) 006C  0000000001101100 (  33)                 .FILL x006C
(301C) 0061  0000000001100001 (  33)                 .FILL x0061
(301D) 0079  0000000001111001 (  33)                 .FILL x0079
(301E) 0065  0000000001100101 (  33)                 .FILL x0065
(301F) 0072  0000000001110010 (  33)                 .FILL x0072
(3020) 0020  0000000000100000 (  33)                 .FILL x0020
(3021) 0031  0000000000110001 (  33)                 .FILL x0031
(3022) 0020  0000000000100000 (  33)                 .FILL x0020
(3023) 0057  0000000001010111 (  33)                 .FILL x0057
(3024) 0069  0000000001101001 (  33)                 .FILL x0069
(3025) 006E  0000000001101110 (  33)                 .FILL x006E
(3026) 0073  0000000001110011 (  33)                 .FILL x0073
(3027) 002E  0000000000101110 (  33)                 .FILL x002E
(3028) 0000  0000000000000000 (  33)                 .FILL x0000
(3029) 0050  0000000001010000 (  34) ESign2          .FILL x0050
(302A) 006C  0000000001101100 (  34)                 .FILL x006C
(302B) 0061  0000000001100001 (  34)                 .FILL x0061
(302C) 0079  0000000001111001 (  34)                 .FILL x0079
(302D) 0065  0000000001100101 (  34)                 .FILL x0065
(302E) 0072  0000000001110010 (  34)                 .FILL x0072
(302F) 0020  0000000000100000 (  34)                 .FILL x0020
(3030) 0032  0000000000110010 (  34)                 .FILL x0032
(3031) 0020  0000000000100000 (  34)                 .FILL x0020
(3032) 0057  0000000001010111 (  34)                 .FILL x0057
(3033) 0069  0000000001101001 (  34)                 .FILL x0069
(3034) 006E  0000000001101110 (  34)                 .FILL x006E
(3035) 0073  0000000001110011 (  34)                 .FILL x0073
(3036) 002E  0000000000101110 (  34)                 .FILL x002E
(3037) 0000  0000000000000000 (  34)                 .FILL x0000
(3038) 3E50  0011111001010000 (  36) JUDGE           ST    R7 SAR7_J
(3039) F020  1111000000100000 (  37)                 TRAP  x20
(303A) F021  1111000000100001 (  38)                 TRAP  x21
(303B) 903F  1001000000111111 (  39)                 NOT   R0 R0
(303C) 1021  0001000000100001 (  40)                 ADD   R0 R0 #1
(303D) 2E66  0010111001100110 (  41) GET_A           LD    R7 A
(303E) 1FC0  0001111111000000 (  42)                 ADD   R7 R7 R0
(303F) 0A01  0000101000000001 (  43)                 BRNP  GET_B
(3040) 0413  0000010000010011 (  44)                 BRZ   GETN_A
(3041) 2E63  0010111001100011 (  45) GET_B           LD    R7 B
(3042) 1FC0  0001111111000000 (  46)                 ADD   R7 R7 R0
(3043) 0A01  0000101000000001 (  47)                 BRNP  GET_C
(3044) 0420  0000010000100000 (  48)                 BRZ   GETN_B
(3045) 2E60  0010111001100000 (  49) GET_C           LD    R7 C
(3046) 1FC0  0001111111000000 (  50)                 ADD   R7 R7 R0
(3047) 0A01  0000101000000001 (  51)                 BRNP  wGETN
(3048) 042D  0000010000101101 (  52)                 BRZ   GETN_C
(3049) F020  1111000000100000 (  53) wGETN           TRAP  x20
(304A) F021  1111000000100001 (  54)                 TRAP  x21
(304B) 205C  0010000001011100 (  55)                 LD    R0 ENTER_J
(304C) F021  1111000000100001 (  56)                 TRAP  x21
(304D) E03D  1110000000111101 (  57) SHOW            LEA   R0 WSign
(304E) F022  1111000000100010 (  58)                 TRAP  x22
(304F) 2058  0010000001011000 (  59)                 LD    R0 ENTER_J
(3050) F021  1111000000100001 (  60)                 TRAP  x21
(3051) 1DA0  0001110110100000 (  61)                 ADD   R6 R6 #0
(3052) 045D  0000010001011101 (  62)                 BRZ   Loop1
(3053) 0A92  0000101010010010 (  63)                 BRNP  Loop2
(3054) F020  1111000000100000 (  64) GETN_A          TRAP  x20
(3055) F021  1111000000100001 (  65)                 TRAP  x21
(3056) 3033  0011000000110011 (  66)                 ST    R0 SAR0_J
(3057) 2050  0010000001010000 (  67)                 LD    R0 ENTER_J
(3058) F021  1111000000100001 (  68)                 TRAP  x21
(3059) 2030  0010000000110000 (  69)                 LD    R0 SAR0_J
(305A) 2E4C  0010111001001100 (  70)                 LD    R7 ASCII
(305B) 9FFF  1001111111111111 (  71)                 NOT   R7 R7
(305C) 1FE1  0001111111100001 (  72)                 ADD   R7 R7 #1
(305D) 1007  0001000000000111 (  73)                 ADD   R0 R0 R7
(305E) 09EE  0000100111101110 (  74)                 BRN   SHOW
(305F) 903F  1001000000111111 (  75)                 NOT   R0 R0
(3060) 1021  0001000000100001 (  76)                 ADD   R0 R0 #1
(3061) 1E40  0001111001000000 (  77)                 ADD   R7 R1 R0
(3062) 09EA  0000100111101010 (  78)                 BRN   SHOW
(3063) 1240  0001001001000000 (  79)                 ADD   R1 R1 R0
(3064) 0E22  0000111000100010 (  80)                 BRNZP DONE_J
(3065) F020  1111000000100000 (  81) GETN_B          TRAP  x20
(3066) F021  1111000000100001 (  82)                 TRAP  x21
(3067) 3022  0011000000100010 (  83)                 ST    R0 SAR0_J
(3068) 203F  0010000000111111 (  84)                 LD    R0 ENTER_J
(3069) F021  1111000000100001 (  85)                 TRAP  x21
(306A) 201F  0010000000011111 (  86)                 LD    R0 SAR0_J
(306B) 2E3B  0010111000111011 (  87)                 LD    R7 ASCII
(306C) 9FFF  1001111111111111 (  88)                 NOT   R7 R7
(306D) 1FE1  0001111111100001 (  89)                 ADD   R7 R7 #1
(306E) 1007  0001000000000111 (  90)                 ADD   R0 R0 R7
(306F) 09DD  0000100111011101 (  91)                 BRN   SHOW
(3070) 903F  1001000000111111 (  92)                 NOT   R0 R0
(3071) 1021  0001000000100001 (  93)                 ADD   R0 R0 #1
(3072) 1E80  0001111010000000 (  94)                 ADD   R7 R2 R0
(3073) 09D9  0000100111011001 (  95)                 BRN   SHOW
(3074) 1480  0001010010000000 (  96)                 ADD   R2 R2 R0
(3075) 0E11  0000111000010001 (  97)                 BRNZP DONE_J
(3076) F020  1111000000100000 (  98) GETN_C          TRAP  x20
(3077) F021  1111000000100001 (  99)                 TRAP  x21
(3078) 3011  0011000000010001 ( 100)                 ST    R0 SAR0_J
(3079) 202E  0010000000101110 ( 101)                 LD    R0 ENTER_J
(307A) F021  1111000000100001 ( 102)                 TRAP  x21
(307B) 200E  0010000000001110 ( 103)                 LD    R0 SAR0_J
(307C) 2E2A  0010111000101010 ( 104)                 LD    R7 ASCII
(307D) 9FFF  1001111111111111 ( 105)                 NOT   R7 R7
(307E) 1FE1  0001111111100001 ( 106)                 ADD   R7 R7 #1
(307F) 1007  0001000000000111 ( 107)                 ADD   R0 R0 R7
(3080) 09CC  0000100111001100 ( 108)                 BRN   SHOW
(3081) 903F  1001000000111111 ( 109)                 NOT   R0 R0
(3082) 1021  0001000000100001 ( 110)                 ADD   R0 R0 #1
(3083) 1EC0  0001111011000000 ( 111)                 ADD   R7 R3 R0
(3084) 09C8  0000100111001000 ( 112)                 BRN   SHOW
(3085) 16C0  0001011011000000 ( 113)                 ADD   R3 R3 R0
(3086) 0E00  0000111000000000 ( 114)                 BRNZP DONE_J
(3087) 2E01  0010111000000001 ( 116) DONE_J          LD    R7 SAR7_J
(3088) C1C0  1100000111000000 ( 117)                 RET   
(3089) 0000  0000000000000000 ( 119) SAR7_J          .FILL x0000
(308A) 0000  0000000000000000 ( 120) SAR0_J          .FILL x0000
(308B) 0049  0000000001001001 ( 120) WSign           .FILL x0049
(308C) 006E  0000000001101110 ( 120)                 .FILL x006E
(308D) 0076  0000000001110110 ( 120)                 .FILL x0076
(308E) 0061  0000000001100001 ( 120)                 .FILL x0061
(308F) 006C  0000000001101100 ( 120)                 .FILL x006C
(3090) 0069  0000000001101001 ( 120)                 .FILL x0069
(3091) 0064  0000000001100100 ( 120)                 .FILL x0064
(3092) 0020  0000000000100000 ( 120)                 .FILL x0020
(3093) 006D  0000000001101101 ( 120)                 .FILL x006D
(3094) 006F  0000000001101111 ( 120)                 .FILL x006F
(3095) 0076  0000000001110110 ( 120)                 .FILL x0076
(3096) 0065  0000000001100101 ( 120)                 .FILL x0065
(3097) 002E  0000000000101110 ( 120)                 .FILL x002E
(3098) 0020  0000000000100000 ( 120)                 .FILL x0020
(3099) 0054  0000000001010100 ( 120)                 .FILL x0054
(309A) 0072  0000000001110010 ( 120)                 .FILL x0072
(309B) 0079  0000000001111001 ( 120)                 .FILL x0079
(309C) 0020  0000000000100000 ( 120)                 .FILL x0020
(309D) 0061  0000000001100001 ( 120)                 .FILL x0061
(309E) 0067  0000000001100111 ( 120)                 .FILL x0067
(309F) 0061  0000000001100001 ( 120)                 .FILL x0061
(30A0) 0069  0000000001101001 ( 120)                 .FILL x0069
(30A1) 006E  0000000001101110 ( 120)                 .FILL x006E
(30A2) 002E  0000000000101110 ( 120)                 .FILL x002E
(30A3) 0000  0000000000000000 ( 120)                 .FILL x0000
(30A4) 0041  0000000001000001 ( 121) A               .FILL x0041
(30A5) 0042  0000000001000010 ( 122) B               .FILL x0042
(30A6) 0043  0000000001000011 ( 123) C               .FILL x0043
(30A7) 0030  0000000000110000 ( 124) ASCII           .FILL x0030
(30A8) 000A  0000000000001010 ( 125) ENTER_J         .FILL x000A
(30A9) 3E04  0011111000000100 ( 128) CONTO           ST    R7 SAR7_C
(30AA) 1842  0001100001000010 ( 129)                 ADD   R4 R1 R2
(30AB) 1903  0001100100000011 ( 130)                 ADD   R4 R4 R3
(30AC) 2E01  0010111000000001 ( 131)                 LD    R7 SAR7_C
(30AD) C1C0  1100000111000000 ( 132)                 RET   
(30AE) 0000  0000000000000000 ( 135) SAR7_C          .FILL x0000
(30AF) 3E33  0011111000110011 ( 136) ALERT1          ST    R7 SAR71
(30B0) E007  1110000000000111 ( 137) Loop1           LEA   R0 Sign1
(30B1) F022  1111000000100010 ( 138)                 TRAP  x22
(30B2) 5DA0  0101110110100000 ( 139)                 AND   R6 R6 #0
(30B3) 4F84  0100111110000100 ( 140)                 JSR   JUDGE
(30B4) 202F  0010000000101111 ( 143)                 LD    R0 ENTER_1
(30B5) F021  1111000000100001 ( 144)                 TRAP  x21
(30B6) 2E2C  0010111000101100 ( 146)                 LD    R7 SAR71
(30B7) C1C0  1100000111000000 ( 147)                 RET   
(30B8) 0050  0000000001010000 ( 148) Sign1           .FILL x0050
(30B9) 006C  0000000001101100 ( 148)                 .FILL x006C
(30BA) 0061  0000000001100001 ( 148)                 .FILL x0061
(30BB) 0079  0000000001111001 ( 148)                 .FILL x0079
(30BC) 0065  0000000001100101 ( 148)                 .FILL x0065
(30BD) 0072  0000000001110010 ( 148)                 .FILL x0072
(30BE) 0020  0000000000100000 ( 148)                 .FILL x0020
(30BF) 0031  0000000000110001 ( 148)                 .FILL x0031
(30C0) 002C  0000000000101100 ( 148)                 .FILL x002C
(30C1) 0063  0000000001100011 ( 148)                 .FILL x0063
(30C2) 0068  0000000001101000 ( 148)                 .FILL x0068
(30C3) 006F  0000000001101111 ( 148)                 .FILL x006F
(30C4) 006F  0000000001101111 ( 148)                 .FILL x006F
(30C5) 0073  0000000001110011 ( 148)                 .FILL x0073
(30C6) 0065  0000000001100101 ( 148)                 .FILL x0065
(30C7) 0020  0000000000100000 ( 148)                 .FILL x0020
(30C8) 0061  0000000001100001 ( 148)                 .FILL x0061
(30C9) 0020  0000000000100000 ( 148)                 .FILL x0020
(30CA) 0072  0000000001110010 ( 148)                 .FILL x0072
(30CB) 006F  0000000001101111 ( 148)                 .FILL x006F
(30CC) 0077  0000000001110111 ( 148)                 .FILL x0077
(30CD) 0020  0000000000100000 ( 148)                 .FILL x0020
(30CE) 0061  0000000001100001 ( 148)                 .FILL x0061
(30CF) 006E  0000000001101110 ( 148)                 .FILL x006E
(30D0) 0064  0000000001100100 ( 148)                 .FILL x0064
(30D1) 0020  0000000000100000 ( 148)                 .FILL x0020
(30D2) 006E  0000000001101110 ( 148)                 .FILL x006E
(30D3) 0075  0000000001110101 ( 148)                 .FILL x0075
(30D4) 006D  0000000001101101 ( 148)                 .FILL x006D
(30D5) 0062  0000000001100010 ( 148)                 .FILL x0062
(30D6) 0065  0000000001100101 ( 148)                 .FILL x0065
(30D7) 0072  0000000001110010 ( 148)                 .FILL x0072
(30D8) 0020  0000000000100000 ( 148)                 .FILL x0020
(30D9) 006F  0000000001101111 ( 148)                 .FILL x006F
(30DA) 0066  0000000001100110 ( 148)                 .FILL x0066
(30DB) 0020  0000000000100000 ( 148)                 .FILL x0020
(30DC) 0072  0000000001110010 ( 148)                 .FILL x0072
(30DD) 006F  0000000001101111 ( 148)                 .FILL x006F
(30DE) 0063  0000000001100011 ( 148)                 .FILL x0063
(30DF) 006B  0000000001101011 ( 148)                 .FILL x006B
(30E0) 0073  0000000001110011 ( 148)                 .FILL x0073
(30E1) 003A  0000000000111010 ( 148)                 .FILL x003A
(30E2) 0000  0000000000000000 ( 148)                 .FILL x0000
(30E3) 0000  0000000000000000 ( 150) SAR71           .FILL x0000
(30E4) 000A  0000000000001010 ( 150) ENTER_1         .FILL x000A
(30E5) 3E34  0011111000110100 ( 154) ALERT2          ST    R7 SAR72
(30E6) E008  1110000000001000 ( 155) Loop2           LEA   R0 Sign2
(30E7) F022  1111000000100010 ( 156)                 TRAP  x22
(30E8) 5DA0  0101110110100000 ( 157)                 AND   R6 R6 #0
(30E9) 1DA1  0001110110100001 ( 158)                 ADD   R6 R6 #1
(30EA) 4F4D  0100111101001101 ( 159)                 JSR   JUDGE
(30EB) 202F  0010000000101111 ( 162)                 LD    R0 ENTER_2
(30EC) F021  1111000000100001 ( 163)                 TRAP  x21
(30ED) 2E2C  0010111000101100 ( 165)                 LD    R7 SAR72
(30EE) C1C0  1100000111000000 ( 166)                 RET   
(30EF) 0050  0000000001010000 ( 167) Sign2           .FILL x0050
(30F0) 006C  0000000001101100 ( 167)                 .FILL x006C
(30F1) 0061  0000000001100001 ( 167)                 .FILL x0061
(30F2) 0079  0000000001111001 ( 167)                 .FILL x0079
(30F3) 0065  0000000001100101 ( 167)                 .FILL x0065
(30F4) 0072  0000000001110010 ( 167)                 .FILL x0072
(30F5) 0020  0000000000100000 ( 167)                 .FILL x0020
(30F6) 0032  0000000000110010 ( 167)                 .FILL x0032
(30F7) 002C  0000000000101100 ( 167)                 .FILL x002C
(30F8) 0063  0000000001100011 ( 167)                 .FILL x0063
(30F9) 0068  0000000001101000 ( 167)                 .FILL x0068
(30FA) 006F  0000000001101111 ( 167)                 .FILL x006F
(30FB) 006F  0000000001101111 ( 167)                 .FILL x006F
(30FC) 0073  0000000001110011 ( 167)                 .FILL x0073
(30FD) 0065  0000000001100101 ( 167)                 .FILL x0065
(30FE) 0020  0000000000100000 ( 167)                 .FILL x0020
(30FF) 0061  0000000001100001 ( 167)                 .FILL x0061
(3100) 0020  0000000000100000 ( 167)                 .FILL x0020
(3101) 0072  0000000001110010 ( 167)                 .FILL x0072
(3102) 006F  0000000001101111 ( 167)                 .FILL x006F
(3103) 0077  0000000001110111 ( 167)                 .FILL x0077
(3104) 0020  0000000000100000 ( 167)                 .FILL x0020
(3105) 0061  0000000001100001 ( 167)                 .FILL x0061
(3106) 006E  0000000001101110 ( 167)                 .FILL x006E
(3107) 0064  0000000001100100 ( 167)                 .FILL x0064
(3108) 0020  0000000000100000 ( 167)                 .FILL x0020
(3109) 006E  0000000001101110 ( 167)                 .FILL x006E
(310A) 0075  0000000001110101 ( 167)                 .FILL x0075
(310B) 006D  0000000001101101 ( 167)                 .FILL x006D
(310C) 0062  0000000001100010 ( 167)                 .FILL x0062
(310D) 0065  0000000001100101 ( 167)                 .FILL x0065
(310E) 0072  0000000001110010 ( 167)                 .FILL x0072
(310F) 0020  0000000000100000 ( 167)                 .FILL x0020
(3110) 006F  0000000001101111 ( 167)                 .FILL x006F
(3111) 0066  0000000001100110 ( 167)                 .FILL x0066
(3112) 0020  0000000000100000 ( 167)                 .FILL x0020
(3113) 0072  0000000001110010 ( 167)                 .FILL x0072
(3114) 006F  0000000001101111 ( 167)                 .FILL x006F
(3115) 0063  0000000001100011 ( 167)                 .FILL x0063
(3116) 006B  0000000001101011 ( 167)                 .FILL x006B
(3117) 0073  0000000001110011 ( 167)                 .FILL x0073
(3118) 003A  0000000000111010 ( 167)                 .FILL x003A
(3119) 0000  0000000000000000 ( 167)                 .FILL x0000
(311A) 0000  0000000000000000 ( 169) SAR72           .FILL x0000
(311B) 000A  0000000000001010 ( 169) ENTER_2         .FILL x000A
(311C) 3E3C  0011111000111100 ( 173) OUTPUT          ST    R7 SAR7I
(311D) 383C  0011100000111100 ( 174)                 ST    R4 SAR4I
(311E) E020  1110000000100000 ( 175)                 LEA   R0 SIGN_A
(311F) F022  1111000000100010 ( 176)                 TRAP  x22
(3120) 1860  0001100001100000 ( 177)                 ADD   R4 R1 #0
(3121) 0C04  0000110000000100 ( 178)                 BRNZ  B_O
(3122) 2034  0010000000110100 ( 179) LOOP1           LD    R0 o
(3123) F021  1111000000100001 ( 180)                 TRAP  x21
(3124) 193F  0001100100111111 ( 181)                 ADD   R4 R4 #-1
(3125) 03FC  0000001111111100 ( 182)                 BRP   LOOP1
(3126) 2031  0010000000110001 ( 183) B_O             LD    R0 ENTER_I
(3127) F021  1111000000100001 ( 184)                 TRAP  x21
(3128) E01E  1110000000011110 ( 185)                 LEA   R0 SIGN_B
(3129) F022  1111000000100010 ( 186)                 TRAP  x22
(312A) 18A0  0001100010100000 ( 187)                 ADD   R4 R2 #0
(312B) 0C04  0000110000000100 ( 188)                 BRNZ  C_O
(312C) 202A  0010000000101010 ( 189) LOOP2           LD    R0 o
(312D) F021  1111000000100001 ( 190)                 TRAP  x21
(312E) 193F  0001100100111111 ( 191)                 ADD   R4 R4 #-1
(312F) 03FC  0000001111111100 ( 192)                 BRP   LOOP2
(3130) 2027  0010000000100111 ( 193) C_O             LD    R0 ENTER_I
(3131) F021  1111000000100001 ( 194)                 TRAP  x21
(3132) E01C  1110000000011100 ( 195)                 LEA   R0 SIGN_C
(3133) F022  1111000000100010 ( 196)                 TRAP  x22
(3134) 18E0  0001100011100000 ( 197)                 ADD   R4 R3 #0
(3135) 0C04  0000110000000100 ( 198)                 BRNZ  DONE_O
(3136) 2020  0010000000100000 ( 199) LOOP3           LD    R0 o
(3137) F021  1111000000100001 ( 200)                 TRAP  x21
(3138) 193F  0001100100111111 ( 201)                 ADD   R4 R4 #-1
(3139) 03FC  0000001111111100 ( 202)                 BRP   LOOP3
(313A) 201D  0010000000011101 ( 203) DONE_O          LD    R0 ENTER_I
(313B) F021  1111000000100001 ( 204)                 TRAP  x21
(313C) 281D  0010100000011101 ( 205)                 LD    R4 SAR4I
(313D) 2E1B  0010111000011011 ( 206)                 LD    R7 SAR7I
(313E) C1C0  1100000111000000 ( 207)                 RET   
(313F) 0052  0000000001010010 ( 208) SIGN_A          .FILL x0052
(3140) 004F  0000000001001111 ( 208)                 .FILL x004F
(3141) 0057  0000000001010111 ( 208)                 .FILL x0057
(3142) 0020  0000000000100000 ( 208)                 .FILL x0020
(3143) 0041  0000000001000001 ( 208)                 .FILL x0041
(3144) 003A  0000000000111010 ( 208)                 .FILL x003A
(3145) 0020  0000000000100000 ( 208)                 .FILL x0020
(3146) 0000  0000000000000000 ( 208)                 .FILL x0000
(3147) 0052  0000000001010010 ( 209) SIGN_B          .FILL x0052
(3148) 004F  0000000001001111 ( 209)                 .FILL x004F
(3149) 0057  0000000001010111 ( 209)                 .FILL x0057
(314A) 0020  0000000000100000 ( 209)                 .FILL x0020
(314B) 0042  0000000001000010 ( 209)                 .FILL x0042
(314C) 003A  0000000000111010 ( 209)                 .FILL x003A
(314D) 0020  0000000000100000 ( 209)                 .FILL x0020
(314E) 0000  0000000000000000 ( 209)                 .FILL x0000
(314F) 0052  0000000001010010 ( 210) SIGN_C          .FILL x0052
(3150) 004F  0000000001001111 ( 210)                 .FILL x004F
(3151) 0057  0000000001010111 ( 210)                 .FILL x0057
(3152) 0020  0000000000100000 ( 210)                 .FILL x0020
(3153) 0043  0000000001000011 ( 210)                 .FILL x0043
(3154) 003A  0000000000111010 ( 210)                 .FILL x003A
(3155) 0020  0000000000100000 ( 210)                 .FILL x0020
(3156) 0000  0000000000000000 ( 210)                 .FILL x0000
(3157) 006F  0000000001101111 ( 211) o               .FILL x006F
(3158) 000A  0000000000001010 ( 212) ENTER_I         .FILL x000A
(3159) 0000  0000000000000000 ( 214) SAR7I           .FILL x0000
(315A) 0000  0000000000000000 ( 216) SAR4I           .FILL x0000
